<?xml version="1.0" encoding="UTF-8"?>
<testsuite xmlns:xsi="http://www.w3.org/2001/XMLSchema-instance" xsi:noNamespaceSchemaLocation="https://maven.apache.org/surefire/maven-surefire-plugin/xsd/surefire-test-report.xsd" name="com.teuz.unit.CarroTest" time="0.766" tests="3" errors="0" skipped="0" failures="0">
  <properties>
[...]
</properties>
  <testcase name="Register_ShouldPersistCarro" classname="com.teuz.unit.CarroTest" time="0.303"/>
  <testcase name="FindById_ShouldReturnEmpty_WhenNotExists" classname="com.teuz.unit.CarroTest" time="0.005"/>
  <testcase name="FindById_ShouldReturnCarro_WhenExists" classname="com.teuz.unit.CarroTest" time="0.001"/>
</testsuite>